2018-01-08 14:47:43,690 [background-preinit][INFO][org.hibernate.validator.internal.util.Version 30] - HV000001: Hibernate Validator 5.3.6.Final
2018-01-08 14:47:43,752 [main][INFO][org.springframework.boot.context.embedded.AnnotationConfigEmbeddedWebApplicationContext 583] - Refreshing org.springframework.boot.context.embedded.AnnotationConfigEmbeddedWebApplicationContext@4738a206: startup date [Mon Jan 08 14:47:43 CST 2018]; root of context hierarchy
2018-01-08 14:47:44,911 [main][INFO][org.springframework.data.repository.config.RepositoryConfigurationDelegate 165] - Multiple Spring Data modules found, entering strict repository configuration mode!
2018-01-08 14:47:44,946 [main][INFO][org.springframework.data.repository.config.RepositoryConfigurationDelegate 165] - Multiple Spring Data modules found, entering strict repository configuration mode!
2018-01-08 14:47:45,862 [main][INFO][org.springframework.boot.context.embedded.tomcat.TomcatEmbeddedServletContainer 89] - Tomcat initialized with port(s): 8888 (http)
2018-01-08 14:47:45,965 [localhost-startStop-1][INFO][org.springframework.web.context.ContextLoader 276] - Root WebApplicationContext: initialization completed in 2218 ms
2018-01-08 14:47:46,737 [localhost-startStop-1][INFO][org.springframework.boot.web.servlet.ServletRegistrationBean 190] - Mapping servlet: 'dispatcherServlet' to [/]
2018-01-08 14:47:46,740 [localhost-startStop-1][INFO][org.springframework.boot.web.servlet.FilterRegistrationBean 258] - Mapping filter: 'metricsFilter' to: [/*]
2018-01-08 14:47:46,741 [localhost-startStop-1][INFO][org.springframework.boot.web.servlet.FilterRegistrationBean 258] - Mapping filter: 'characterEncodingFilter' to: [/*]
2018-01-08 14:47:46,741 [localhost-startStop-1][INFO][org.springframework.boot.web.servlet.FilterRegistrationBean 258] - Mapping filter: 'hiddenHttpMethodFilter' to: [/*]
2018-01-08 14:47:46,741 [localhost-startStop-1][INFO][org.springframework.boot.web.servlet.FilterRegistrationBean 258] - Mapping filter: 'httpPutFormContentFilter' to: [/*]
2018-01-08 14:47:46,741 [localhost-startStop-1][INFO][org.springframework.boot.web.servlet.FilterRegistrationBean 258] - Mapping filter: 'requestContextFilter' to: [/*]
2018-01-08 14:47:46,741 [localhost-startStop-1][INFO][org.springframework.boot.web.servlet.FilterRegistrationBean 258] - Mapping filter: 'webRequestLoggingFilter' to: [/*]
2018-01-08 14:47:46,741 [localhost-startStop-1][INFO][org.springframework.boot.web.servlet.FilterRegistrationBean 258] - Mapping filter: 'applicationContextIdFilter' to: [/*]
2018-01-08 14:47:47,742 [main][INFO][org.springframework.web.servlet.mvc.method.annotation.RequestMappingHandlerAdapter 534] - Looking for @ControllerAdvice: org.springframework.boot.context.embedded.AnnotationConfigEmbeddedWebApplicationContext@4738a206: startup date [Mon Jan 08 14:47:43 CST 2018]; root of context hierarchy
2018-01-08 14:47:47,807 [main][INFO][org.springframework.web.servlet.mvc.method.annotation.RequestMappingHandlerMapping 543] - Mapped "{[/Testtrace]}" onto public java.util.List<org.springframework.boot.actuate.trace.Trace> bao.jt.tong.controller.MyController.trace()
2018-01-08 14:47:47,808 [main][INFO][org.springframework.web.servlet.mvc.method.annotation.RequestMappingHandlerMapping 543] - Mapped "{[/con]}" onto public java.lang.String bao.jt.tong.controller.MyController.con()
2018-01-08 14:47:47,809 [main][INFO][org.springframework.web.servlet.mvc.method.annotation.RequestMappingHandlerMapping 543] - Mapped "{[/fun2]}" onto public void bao.jt.tong.controller.MyController.fun2()
2018-01-08 14:47:47,809 [main][INFO][org.springframework.web.servlet.mvc.method.annotation.RequestMappingHandlerMapping 543] - Mapped "{[/fun1]}" onto public void bao.jt.tong.controller.MyController.fun1()
2018-01-08 14:47:47,811 [main][INFO][org.springframework.web.servlet.mvc.method.annotation.RequestMappingHandlerMapping 543] - Mapped "{[/User/SaveBook],methods=[GET]}" onto public java.lang.Integer bao.jt.tong.controller.UserController.save()
2018-01-08 14:47:47,814 [main][INFO][org.springframework.web.servlet.mvc.method.annotation.RequestMappingHandlerMapping 543] - Mapped "{[/User/Login],methods=[GET]}" onto public java.lang.String bao.jt.tong.controller.UserController.query(java.lang.String,java.lang.String)
2018-01-08 14:47:47,814 [main][INFO][org.springframework.web.servlet.mvc.method.annotation.RequestMappingHandlerMapping 543] - Mapped "{[/User/query]}" onto public java.util.List bao.jt.tong.controller.UserController.query()
2018-01-08 14:47:47,815 [main][INFO][org.springframework.web.servlet.mvc.method.annotation.RequestMappingHandlerMapping 543] - Mapped "{[/User/auto/home]}" onto public java.lang.String bao.jt.tong.controller.UserController.home()
2018-01-08 14:47:47,816 [main][INFO][org.springframework.web.servlet.mvc.method.annotation.RequestMappingHandlerMapping 543] - Mapped "{[/error]}" onto public org.springframework.http.ResponseEntity<java.util.Map<java.lang.String, java.lang.Object>> org.springframework.boot.autoconfigure.web.BasicErrorController.error(javax.servlet.http.HttpServletRequest)
2018-01-08 14:47:47,817 [main][INFO][org.springframework.web.servlet.mvc.method.annotation.RequestMappingHandlerMapping 543] - Mapped "{[/error],produces=[text/html]}" onto public org.springframework.web.servlet.ModelAndView org.springframework.boot.autoconfigure.web.BasicErrorController.errorHtml(javax.servlet.http.HttpServletRequest,javax.servlet.http.HttpServletResponse)
2018-01-08 14:47:47,860 [main][INFO][org.springframework.web.servlet.handler.SimpleUrlHandlerMapping 362] - Mapped URL path [/webjars/**] onto handler of type [class org.springframework.web.servlet.resource.ResourceHttpRequestHandler]
2018-01-08 14:47:47,860 [main][INFO][org.springframework.web.servlet.handler.SimpleUrlHandlerMapping 362] - Mapped URL path [/**] onto handler of type [class org.springframework.web.servlet.resource.ResourceHttpRequestHandler]
2018-01-08 14:47:47,899 [main][INFO][org.springframework.web.servlet.handler.SimpleUrlHandlerMapping 362] - Mapped URL path [/**/favicon.ico] onto handler of type [class org.springframework.web.servlet.resource.ResourceHttpRequestHandler]
2018-01-08 14:47:47,929 [main][WARN][org.springframework.boot.autoconfigure.thymeleaf.AbstractTemplateResolverConfiguration 60] - Cannot find template location: classpath:/templates/ (please add some templates or check your Thymeleaf configuration)
2018-01-08 14:47:48,519 [main][INFO][org.springframework.boot.actuate.endpoint.mvc.EndpointHandlerMapping 543] - Mapped "{[/bjt_beans || /bjt_beans.json],methods=[GET],produces=[application/vnd.spring-boot.actuator.v1+json || application/json]}" onto public java.lang.Object org.springframework.boot.actuate.endpoint.mvc.EndpointMvcAdapter.invoke()
2018-01-08 14:47:48,520 [main][INFO][org.springframework.boot.actuate.endpoint.mvc.EndpointHandlerMapping 543] - Mapped "{[/health || /health.json],methods=[GET],produces=[application/vnd.spring-boot.actuator.v1+json || application/json]}" onto public java.lang.Object org.springframework.boot.actuate.endpoint.mvc.HealthMvcEndpoint.invoke(javax.servlet.http.HttpServletRequest,java.security.Principal)
2018-01-08 14:47:48,522 [main][INFO][org.springframework.boot.actuate.endpoint.mvc.EndpointHandlerMapping 543] - Mapped "{[/loggers/{name:.*}],methods=[GET],produces=[application/vnd.spring-boot.actuator.v1+json || application/json]}" onto public java.lang.Object org.springframework.boot.actuate.endpoint.mvc.LoggersMvcEndpoint.get(java.lang.String)
2018-01-08 14:47:48,522 [main][INFO][org.springframework.boot.actuate.endpoint.mvc.EndpointHandlerMapping 543] - Mapped "{[/loggers/{name:.*}],methods=[POST],consumes=[application/vnd.spring-boot.actuator.v1+json || application/json],produces=[application/vnd.spring-boot.actuator.v1+json || application/json]}" onto public java.lang.Object org.springframework.boot.actuate.endpoint.mvc.LoggersMvcEndpoint.set(java.lang.String,java.util.Map<java.lang.String, java.lang.String>)
2018-01-08 14:47:48,523 [main][INFO][org.springframework.boot.actuate.endpoint.mvc.EndpointHandlerMapping 543] - Mapped "{[/loggers || /loggers.json],methods=[GET],produces=[application/vnd.spring-boot.actuator.v1+json || application/json]}" onto public java.lang.Object org.springframework.boot.actuate.endpoint.mvc.EndpointMvcAdapter.invoke()
2018-01-08 14:47:48,523 [main][INFO][org.springframework.boot.actuate.endpoint.mvc.EndpointHandlerMapping 543] - Mapped "{[/autoconfig || /autoconfig.json],methods=[GET],produces=[application/vnd.spring-boot.actuator.v1+json || application/json]}" onto public java.lang.Object org.springframework.boot.actuate.endpoint.mvc.EndpointMvcAdapter.invoke()
2018-01-08 14:47:48,525 [main][INFO][org.springframework.boot.actuate.endpoint.mvc.EndpointHandlerMapping 543] - Mapped "{[/auditevents || /auditevents.json],methods=[GET],produces=[application/vnd.spring-boot.actuator.v1+json || application/json]}" onto public org.springframework.http.ResponseEntity<?> org.springframework.boot.actuate.endpoint.mvc.AuditEventsMvcEndpoint.findByPrincipalAndAfterAndType(java.lang.String,java.util.Date,java.lang.String)
2018-01-08 14:47:48,526 [main][INFO][org.springframework.boot.actuate.endpoint.mvc.EndpointHandlerMapping 543] - Mapped "{[/env/{name:.*}],methods=[GET],produces=[application/vnd.spring-boot.actuator.v1+json || application/json]}" onto public java.lang.Object org.springframework.boot.actuate.endpoint.mvc.EnvironmentMvcEndpoint.value(java.lang.String)
2018-01-08 14:47:48,527 [main][INFO][org.springframework.boot.actuate.endpoint.mvc.EndpointHandlerMapping 543] - Mapped "{[/env || /env.json],methods=[GET],produces=[application/vnd.spring-boot.actuator.v1+json || application/json]}" onto public java.lang.Object org.springframework.boot.actuate.endpoint.mvc.EndpointMvcAdapter.invoke()
2018-01-08 14:47:48,528 [main][INFO][org.springframework.boot.actuate.endpoint.mvc.EndpointHandlerMapping 543] - Mapped "{[/heapdump || /heapdump.json],methods=[GET],produces=[application/octet-stream]}" onto public void org.springframework.boot.actuate.endpoint.mvc.HeapdumpMvcEndpoint.invoke(boolean,javax.servlet.http.HttpServletRequest,javax.servlet.http.HttpServletResponse) throws java.io.IOException,javax.servlet.ServletException
2018-01-08 14:47:48,529 [main][INFO][org.springframework.boot.actuate.endpoint.mvc.EndpointHandlerMapping 543] - Mapped "{[/mappings || /mappings.json],methods=[GET],produces=[application/vnd.spring-boot.actuator.v1+json || application/json]}" onto public java.lang.Object org.springframework.boot.actuate.endpoint.mvc.EndpointMvcAdapter.invoke()
2018-01-08 14:47:48,530 [main][INFO][org.springframework.boot.actuate.endpoint.mvc.EndpointHandlerMapping 543] - Mapped "{[/configprops || /configprops.json],methods=[GET],produces=[application/vnd.spring-boot.actuator.v1+json || application/json]}" onto public java.lang.Object org.springframework.boot.actuate.endpoint.mvc.EndpointMvcAdapter.invoke()
2018-01-08 14:47:48,531 [main][INFO][org.springframework.boot.actuate.endpoint.mvc.EndpointHandlerMapping 543] - Mapped "{[/info || /info.json],methods=[GET],produces=[application/vnd.spring-boot.actuator.v1+json || application/json]}" onto public java.lang.Object org.springframework.boot.actuate.endpoint.mvc.EndpointMvcAdapter.invoke()
2018-01-08 14:47:48,532 [main][INFO][org.springframework.boot.actuate.endpoint.mvc.EndpointHandlerMapping 543] - Mapped "{[/trace || /trace.json],methods=[GET],produces=[application/vnd.spring-boot.actuator.v1+json || application/json]}" onto public java.lang.Object org.springframework.boot.actuate.endpoint.mvc.EndpointMvcAdapter.invoke()
2018-01-08 14:47:48,533 [main][INFO][org.springframework.boot.actuate.endpoint.mvc.EndpointHandlerMapping 543] - Mapped "{[/metrics/{name:.*}],methods=[GET],produces=[application/vnd.spring-boot.actuator.v1+json || application/json]}" onto public java.lang.Object org.springframework.boot.actuate.endpoint.mvc.MetricsMvcEndpoint.value(java.lang.String)
2018-01-08 14:47:48,533 [main][INFO][org.springframework.boot.actuate.endpoint.mvc.EndpointHandlerMapping 543] - Mapped "{[/metrics || /metrics.json],methods=[GET],produces=[application/vnd.spring-boot.actuator.v1+json || application/json]}" onto public java.lang.Object org.springframework.boot.actuate.endpoint.mvc.EndpointMvcAdapter.invoke()
2018-01-08 14:47:48,534 [main][INFO][org.springframework.boot.actuate.endpoint.mvc.EndpointHandlerMapping 543] - Mapped "{[/dump || /dump.json],methods=[GET],produces=[application/vnd.spring-boot.actuator.v1+json || application/json]}" onto public java.lang.Object org.springframework.boot.actuate.endpoint.mvc.EndpointMvcAdapter.invoke()
2018-01-08 14:47:48,842 [main][INFO][org.springframework.jmx.export.annotation.AnnotationMBeanExporter 431] - Registering beans for JMX exposure on startup
2018-01-08 14:47:48,849 [main][INFO][org.springframework.boot.actuate.endpoint.jmx.EndpointMBeanExporter 431] - Registering beans for JMX exposure on startup
2018-01-08 14:47:48,854 [main][INFO][org.springframework.context.support.DefaultLifecycleProcessor 343] - Starting beans in phase 0
2018-01-08 14:47:48,856 [main][INFO][org.springframework.boot.actuate.endpoint.jmx.EndpointMBeanExporter 678] - Located managed bean 'auditEventsEndpoint': registering with JMX server as MBean [org.springframework.boot:type=Endpoint,name=auditEventsEndpoint]
2018-01-08 14:47:48,869 [main][INFO][org.springframework.boot.actuate.endpoint.jmx.EndpointMBeanExporter 678] - Located managed bean 'requestMappingEndpoint': registering with JMX server as MBean [org.springframework.boot:type=Endpoint,name=requestMappingEndpoint]
2018-01-08 14:47:48,879 [main][INFO][org.springframework.boot.actuate.endpoint.jmx.EndpointMBeanExporter 678] - Located managed bean 'environmentEndpoint': registering with JMX server as MBean [org.springframework.boot:type=Endpoint,name=environmentEndpoint]
2018-01-08 14:47:48,883 [main][INFO][org.springframework.boot.actuate.endpoint.jmx.EndpointMBeanExporter 678] - Located managed bean 'healthEndpoint': registering with JMX server as MBean [org.springframework.boot:type=Endpoint,name=healthEndpoint]
2018-01-08 14:47:48,886 [main][INFO][org.springframework.boot.actuate.endpoint.jmx.EndpointMBeanExporter 678] - Located managed bean 'beansEndpoint': registering with JMX server as MBean [org.springframework.boot:type=Endpoint,name=beansEndpoint]
2018-01-08 14:47:48,889 [main][INFO][org.springframework.boot.actuate.endpoint.jmx.EndpointMBeanExporter 678] - Located managed bean 'infoEndpoint': registering with JMX server as MBean [org.springframework.boot:type=Endpoint,name=infoEndpoint]
2018-01-08 14:47:48,895 [main][INFO][org.springframework.boot.actuate.endpoint.jmx.EndpointMBeanExporter 678] - Located managed bean 'loggersEndpoint': registering with JMX server as MBean [org.springframework.boot:type=Endpoint,name=loggersEndpoint]
2018-01-08 14:47:48,899 [main][INFO][org.springframework.boot.actuate.endpoint.jmx.EndpointMBeanExporter 678] - Located managed bean 'metricsEndpoint': registering with JMX server as MBean [org.springframework.boot:type=Endpoint,name=metricsEndpoint]
2018-01-08 14:47:48,901 [main][INFO][org.springframework.boot.actuate.endpoint.jmx.EndpointMBeanExporter 678] - Located managed bean 'traceEndpoint': registering with JMX server as MBean [org.springframework.boot:type=Endpoint,name=traceEndpoint]
2018-01-08 14:47:48,903 [main][INFO][org.springframework.boot.actuate.endpoint.jmx.EndpointMBeanExporter 678] - Located managed bean 'dumpEndpoint': registering with JMX server as MBean [org.springframework.boot:type=Endpoint,name=dumpEndpoint]
2018-01-08 14:47:48,905 [main][INFO][org.springframework.boot.actuate.endpoint.jmx.EndpointMBeanExporter 678] - Located managed bean 'autoConfigurationReportEndpoint': registering with JMX server as MBean [org.springframework.boot:type=Endpoint,name=autoConfigurationReportEndpoint]
2018-01-08 14:47:48,907 [main][INFO][org.springframework.boot.actuate.endpoint.jmx.EndpointMBeanExporter 678] - Located managed bean 'configurationPropertiesReportEndpoint': registering with JMX server as MBean [org.springframework.boot:type=Endpoint,name=configurationPropertiesReportEndpoint]
2018-01-08 14:47:48,971 [main][INFO][org.springframework.boot.context.embedded.tomcat.TomcatEmbeddedServletContainer 201] - Tomcat started on port(s): 8888 (http)
2018-01-08 14:49:20,653 [http-nio-8888-exec-2][INFO][org.springframework.web.servlet.DispatcherServlet 489] - FrameworkServlet 'dispatcherServlet': initialization started
2018-01-08 14:49:20,695 [http-nio-8888-exec-2][INFO][org.springframework.web.servlet.DispatcherServlet 508] - FrameworkServlet 'dispatcherServlet': initialization completed in 42 ms
2018-01-08 14:51:48,912 [background-preinit][INFO][org.hibernate.validator.internal.util.Version 30] - HV000001: Hibernate Validator 5.3.6.Final
2018-01-08 14:51:48,961 [main][INFO][org.springframework.boot.context.embedded.AnnotationConfigEmbeddedWebApplicationContext 583] - Refreshing org.springframework.boot.context.embedded.AnnotationConfigEmbeddedWebApplicationContext@614ca7df: startup date [Mon Jan 08 14:51:48 CST 2018]; root of context hierarchy
2018-01-08 14:51:49,827 [main][INFO][org.springframework.data.repository.config.RepositoryConfigurationDelegate 165] - Multiple Spring Data modules found, entering strict repository configuration mode!
2018-01-08 14:51:49,849 [main][INFO][org.springframework.data.repository.config.RepositoryConfigurationDelegate 165] - Multiple Spring Data modules found, entering strict repository configuration mode!
2018-01-08 14:51:50,606 [main][INFO][org.springframework.boot.context.embedded.tomcat.TomcatEmbeddedServletContainer 89] - Tomcat initialized with port(s): 8888 (http)
2018-01-08 14:51:50,691 [localhost-startStop-1][INFO][org.springframework.web.context.ContextLoader 276] - Root WebApplicationContext: initialization completed in 1733 ms
2018-01-08 14:51:51,386 [localhost-startStop-1][INFO][org.springframework.boot.web.servlet.ServletRegistrationBean 190] - Mapping servlet: 'dispatcherServlet' to [/]
2018-01-08 14:51:51,389 [localhost-startStop-1][INFO][org.springframework.boot.web.servlet.FilterRegistrationBean 258] - Mapping filter: 'metricsFilter' to: [/*]
2018-01-08 14:51:51,390 [localhost-startStop-1][INFO][org.springframework.boot.web.servlet.FilterRegistrationBean 258] - Mapping filter: 'characterEncodingFilter' to: [/*]
2018-01-08 14:51:51,391 [localhost-startStop-1][INFO][org.springframework.boot.web.servlet.FilterRegistrationBean 258] - Mapping filter: 'hiddenHttpMethodFilter' to: [/*]
2018-01-08 14:51:51,391 [localhost-startStop-1][INFO][org.springframework.boot.web.servlet.FilterRegistrationBean 258] - Mapping filter: 'httpPutFormContentFilter' to: [/*]
2018-01-08 14:51:51,391 [localhost-startStop-1][INFO][org.springframework.boot.web.servlet.FilterRegistrationBean 258] - Mapping filter: 'requestContextFilter' to: [/*]
2018-01-08 14:51:51,391 [localhost-startStop-1][INFO][org.springframework.boot.web.servlet.FilterRegistrationBean 258] - Mapping filter: 'webRequestLoggingFilter' to: [/*]
2018-01-08 14:51:51,391 [localhost-startStop-1][INFO][org.springframework.boot.web.servlet.FilterRegistrationBean 258] - Mapping filter: 'applicationContextIdFilter' to: [/*]
2018-01-08 14:51:52,344 [main][INFO][org.springframework.web.servlet.mvc.method.annotation.RequestMappingHandlerAdapter 534] - Looking for @ControllerAdvice: org.springframework.boot.context.embedded.AnnotationConfigEmbeddedWebApplicationContext@614ca7df: startup date [Mon Jan 08 14:51:48 CST 2018]; root of context hierarchy
2018-01-08 14:51:52,391 [main][INFO][org.springframework.web.servlet.mvc.method.annotation.RequestMappingHandlerMapping 543] - Mapped "{[/Testtrace]}" onto public java.util.List<org.springframework.boot.actuate.trace.Trace> bao.jt.tong.controller.MyController.trace()
2018-01-08 14:51:52,392 [main][INFO][org.springframework.web.servlet.mvc.method.annotation.RequestMappingHandlerMapping 543] - Mapped "{[/con]}" onto public java.lang.String bao.jt.tong.controller.MyController.con()
2018-01-08 14:51:52,392 [main][INFO][org.springframework.web.servlet.mvc.method.annotation.RequestMappingHandlerMapping 543] - Mapped "{[/fun1]}" onto public void bao.jt.tong.controller.MyController.fun1()
2018-01-08 14:51:52,392 [main][INFO][org.springframework.web.servlet.mvc.method.annotation.RequestMappingHandlerMapping 543] - Mapped "{[/fun2]}" onto public void bao.jt.tong.controller.MyController.fun2()
2018-01-08 14:51:52,395 [main][INFO][org.springframework.web.servlet.mvc.method.annotation.RequestMappingHandlerMapping 543] - Mapped "{[/User/SaveBook],methods=[GET]}" onto public java.lang.Integer bao.jt.tong.controller.UserController.save()
2018-01-08 14:51:52,397 [main][INFO][org.springframework.web.servlet.mvc.method.annotation.RequestMappingHandlerMapping 543] - Mapped "{[/User/Login],methods=[GET]}" onto public java.lang.String bao.jt.tong.controller.UserController.query(java.lang.String,java.lang.String)
2018-01-08 14:51:52,397 [main][INFO][org.springframework.web.servlet.mvc.method.annotation.RequestMappingHandlerMapping 543] - Mapped "{[/User/query]}" onto public java.util.List bao.jt.tong.controller.UserController.query()
2018-01-08 14:51:52,398 [main][INFO][org.springframework.web.servlet.mvc.method.annotation.RequestMappingHandlerMapping 543] - Mapped "{[/User/auto/home]}" onto public java.lang.String bao.jt.tong.controller.UserController.home()
2018-01-08 14:51:52,400 [main][INFO][org.springframework.web.servlet.mvc.method.annotation.RequestMappingHandlerMapping 543] - Mapped "{[/error]}" onto public org.springframework.http.ResponseEntity<java.util.Map<java.lang.String, java.lang.Object>> org.springframework.boot.autoconfigure.web.BasicErrorController.error(javax.servlet.http.HttpServletRequest)
2018-01-08 14:51:52,400 [main][INFO][org.springframework.web.servlet.mvc.method.annotation.RequestMappingHandlerMapping 543] - Mapped "{[/error],produces=[text/html]}" onto public org.springframework.web.servlet.ModelAndView org.springframework.boot.autoconfigure.web.BasicErrorController.errorHtml(javax.servlet.http.HttpServletRequest,javax.servlet.http.HttpServletResponse)
2018-01-08 14:51:52,428 [main][INFO][org.springframework.web.servlet.handler.SimpleUrlHandlerMapping 362] - Mapped URL path [/webjars/**] onto handler of type [class org.springframework.web.servlet.resource.ResourceHttpRequestHandler]
2018-01-08 14:51:52,428 [main][INFO][org.springframework.web.servlet.handler.SimpleUrlHandlerMapping 362] - Mapped URL path [/**] onto handler of type [class org.springframework.web.servlet.resource.ResourceHttpRequestHandler]
2018-01-08 14:51:52,461 [main][INFO][org.springframework.web.servlet.handler.SimpleUrlHandlerMapping 362] - Mapped URL path [/**/favicon.ico] onto handler of type [class org.springframework.web.servlet.resource.ResourceHttpRequestHandler]
2018-01-08 14:51:52,489 [main][WARN][org.springframework.boot.autoconfigure.thymeleaf.AbstractTemplateResolverConfiguration 60] - Cannot find template location: classpath:/templates/ (please add some templates or check your Thymeleaf configuration)
2018-01-08 14:51:53,087 [main][INFO][org.springframework.boot.actuate.endpoint.mvc.EndpointHandlerMapping 543] - Mapped "{[/mappings || /mappings.json],methods=[GET],produces=[application/vnd.spring-boot.actuator.v1+json || application/json]}" onto public java.lang.Object org.springframework.boot.actuate.endpoint.mvc.EndpointMvcAdapter.invoke()
2018-01-08 14:51:53,088 [main][INFO][org.springframework.boot.actuate.endpoint.mvc.EndpointHandlerMapping 543] - Mapped "{[/health || /health.json],methods=[GET],produces=[application/vnd.spring-boot.actuator.v1+json || application/json]}" onto public java.lang.Object org.springframework.boot.actuate.endpoint.mvc.HealthMvcEndpoint.invoke(javax.servlet.http.HttpServletRequest,java.security.Principal)
2018-01-08 14:51:53,089 [main][INFO][org.springframework.boot.actuate.endpoint.mvc.EndpointHandlerMapping 543] - Mapped "{[/configprops || /configprops.json],methods=[GET],produces=[application/vnd.spring-boot.actuator.v1+json || application/json]}" onto public java.lang.Object org.springframework.boot.actuate.endpoint.mvc.EndpointMvcAdapter.invoke()
2018-01-08 14:51:53,090 [main][INFO][org.springframework.boot.actuate.endpoint.mvc.EndpointHandlerMapping 543] - Mapped "{[/env/{name:.*}],methods=[GET],produces=[application/vnd.spring-boot.actuator.v1+json || application/json]}" onto public java.lang.Object org.springframework.boot.actuate.endpoint.mvc.EnvironmentMvcEndpoint.value(java.lang.String)
2018-01-08 14:51:53,091 [main][INFO][org.springframework.boot.actuate.endpoint.mvc.EndpointHandlerMapping 543] - Mapped "{[/env || /env.json],methods=[GET],produces=[application/vnd.spring-boot.actuator.v1+json || application/json]}" onto public java.lang.Object org.springframework.boot.actuate.endpoint.mvc.EndpointMvcAdapter.invoke()
2018-01-08 14:51:53,092 [main][INFO][org.springframework.boot.actuate.endpoint.mvc.EndpointHandlerMapping 543] - Mapped "{[/dump || /dump.json],methods=[GET],produces=[application/vnd.spring-boot.actuator.v1+json || application/json]}" onto public java.lang.Object org.springframework.boot.actuate.endpoint.mvc.EndpointMvcAdapter.invoke()
2018-01-08 14:51:53,093 [main][INFO][org.springframework.boot.actuate.endpoint.mvc.EndpointHandlerMapping 543] - Mapped "{[/auditevents || /auditevents.json],methods=[GET],produces=[application/vnd.spring-boot.actuator.v1+json || application/json]}" onto public org.springframework.http.ResponseEntity<?> org.springframework.boot.actuate.endpoint.mvc.AuditEventsMvcEndpoint.findByPrincipalAndAfterAndType(java.lang.String,java.util.Date,java.lang.String)
2018-01-08 14:51:53,094 [main][INFO][org.springframework.boot.actuate.endpoint.mvc.EndpointHandlerMapping 543] - Mapped "{[/metrics/{name:.*}],methods=[GET],produces=[application/vnd.spring-boot.actuator.v1+json || application/json]}" onto public java.lang.Object org.springframework.boot.actuate.endpoint.mvc.MetricsMvcEndpoint.value(java.lang.String)
2018-01-08 14:51:53,095 [main][INFO][org.springframework.boot.actuate.endpoint.mvc.EndpointHandlerMapping 543] - Mapped "{[/metrics || /metrics.json],methods=[GET],produces=[application/vnd.spring-boot.actuator.v1+json || application/json]}" onto public java.lang.Object org.springframework.boot.actuate.endpoint.mvc.EndpointMvcAdapter.invoke()
2018-01-08 14:51:53,095 [main][INFO][org.springframework.boot.actuate.endpoint.mvc.EndpointHandlerMapping 543] - Mapped "{[/heapdump || /heapdump.json],methods=[GET],produces=[application/octet-stream]}" onto public void org.springframework.boot.actuate.endpoint.mvc.HeapdumpMvcEndpoint.invoke(boolean,javax.servlet.http.HttpServletRequest,javax.servlet.http.HttpServletResponse) throws java.io.IOException,javax.servlet.ServletException
2018-01-08 14:51:53,096 [main][INFO][org.springframework.boot.actuate.endpoint.mvc.EndpointHandlerMapping 543] - Mapped "{[/autoconfig || /autoconfig.json],methods=[GET],produces=[application/vnd.spring-boot.actuator.v1+json || application/json]}" onto public java.lang.Object org.springframework.boot.actuate.endpoint.mvc.EndpointMvcAdapter.invoke()
2018-01-08 14:51:53,097 [main][INFO][org.springframework.boot.actuate.endpoint.mvc.EndpointHandlerMapping 543] - Mapped "{[/bjt_beans || /bjt_beans.json],methods=[GET],produces=[application/vnd.spring-boot.actuator.v1+json || application/json]}" onto public java.lang.Object org.springframework.boot.actuate.endpoint.mvc.EndpointMvcAdapter.invoke()
2018-01-08 14:51:53,098 [main][INFO][org.springframework.boot.actuate.endpoint.mvc.EndpointHandlerMapping 543] - Mapped "{[/info || /info.json],methods=[GET],produces=[application/vnd.spring-boot.actuator.v1+json || application/json]}" onto public java.lang.Object org.springframework.boot.actuate.endpoint.mvc.EndpointMvcAdapter.invoke()
2018-01-08 14:51:53,098 [main][INFO][org.springframework.boot.actuate.endpoint.mvc.EndpointHandlerMapping 543] - Mapped "{[/trace || /trace.json],methods=[GET],produces=[application/vnd.spring-boot.actuator.v1+json || application/json]}" onto public java.lang.Object org.springframework.boot.actuate.endpoint.mvc.EndpointMvcAdapter.invoke()
2018-01-08 14:51:53,100 [main][INFO][org.springframework.boot.actuate.endpoint.mvc.EndpointHandlerMapping 543] - Mapped "{[/loggers/{name:.*}],methods=[GET],produces=[application/vnd.spring-boot.actuator.v1+json || application/json]}" onto public java.lang.Object org.springframework.boot.actuate.endpoint.mvc.LoggersMvcEndpoint.get(java.lang.String)
2018-01-08 14:51:53,101 [main][INFO][org.springframework.boot.actuate.endpoint.mvc.EndpointHandlerMapping 543] - Mapped "{[/loggers/{name:.*}],methods=[POST],consumes=[application/vnd.spring-boot.actuator.v1+json || application/json],produces=[application/vnd.spring-boot.actuator.v1+json || application/json]}" onto public java.lang.Object org.springframework.boot.actuate.endpoint.mvc.LoggersMvcEndpoint.set(java.lang.String,java.util.Map<java.lang.String, java.lang.String>)
2018-01-08 14:51:53,102 [main][INFO][org.springframework.boot.actuate.endpoint.mvc.EndpointHandlerMapping 543] - Mapped "{[/loggers || /loggers.json],methods=[GET],produces=[application/vnd.spring-boot.actuator.v1+json || application/json]}" onto public java.lang.Object org.springframework.boot.actuate.endpoint.mvc.EndpointMvcAdapter.invoke()
2018-01-08 14:51:53,333 [main][INFO][org.springframework.jmx.export.annotation.AnnotationMBeanExporter 431] - Registering beans for JMX exposure on startup
2018-01-08 14:51:53,338 [main][INFO][org.springframework.boot.actuate.endpoint.jmx.EndpointMBeanExporter 431] - Registering beans for JMX exposure on startup
2018-01-08 14:51:53,342 [main][INFO][org.springframework.context.support.DefaultLifecycleProcessor 343] - Starting beans in phase 0
2018-01-08 14:51:53,344 [main][INFO][org.springframework.boot.actuate.endpoint.jmx.EndpointMBeanExporter 678] - Located managed bean 'auditEventsEndpoint': registering with JMX server as MBean [org.springframework.boot:type=Endpoint,name=auditEventsEndpoint]
2018-01-08 14:51:53,356 [main][INFO][org.springframework.boot.actuate.endpoint.jmx.EndpointMBeanExporter 678] - Located managed bean 'requestMappingEndpoint': registering with JMX server as MBean [org.springframework.boot:type=Endpoint,name=requestMappingEndpoint]
2018-01-08 14:51:53,365 [main][INFO][org.springframework.boot.actuate.endpoint.jmx.EndpointMBeanExporter 678] - Located managed bean 'environmentEndpoint': registering with JMX server as MBean [org.springframework.boot:type=Endpoint,name=environmentEndpoint]
2018-01-08 14:51:53,368 [main][INFO][org.springframework.boot.actuate.endpoint.jmx.EndpointMBeanExporter 678] - Located managed bean 'healthEndpoint': registering with JMX server as MBean [org.springframework.boot:type=Endpoint,name=healthEndpoint]
2018-01-08 14:51:53,371 [main][INFO][org.springframework.boot.actuate.endpoint.jmx.EndpointMBeanExporter 678] - Located managed bean 'beansEndpoint': registering with JMX server as MBean [org.springframework.boot:type=Endpoint,name=beansEndpoint]
2018-01-08 14:51:53,373 [main][INFO][org.springframework.boot.actuate.endpoint.jmx.EndpointMBeanExporter 678] - Located managed bean 'infoEndpoint': registering with JMX server as MBean [org.springframework.boot:type=Endpoint,name=infoEndpoint]
2018-01-08 14:51:53,377 [main][INFO][org.springframework.boot.actuate.endpoint.jmx.EndpointMBeanExporter 678] - Located managed bean 'loggersEndpoint': registering with JMX server as MBean [org.springframework.boot:type=Endpoint,name=loggersEndpoint]
2018-01-08 14:51:53,382 [main][INFO][org.springframework.boot.actuate.endpoint.jmx.EndpointMBeanExporter 678] - Located managed bean 'metricsEndpoint': registering with JMX server as MBean [org.springframework.boot:type=Endpoint,name=metricsEndpoint]
2018-01-08 14:51:53,384 [main][INFO][org.springframework.boot.actuate.endpoint.jmx.EndpointMBeanExporter 678] - Located managed bean 'traceEndpoint': registering with JMX server as MBean [org.springframework.boot:type=Endpoint,name=traceEndpoint]
2018-01-08 14:51:53,386 [main][INFO][org.springframework.boot.actuate.endpoint.jmx.EndpointMBeanExporter 678] - Located managed bean 'dumpEndpoint': registering with JMX server as MBean [org.springframework.boot:type=Endpoint,name=dumpEndpoint]
2018-01-08 14:51:53,389 [main][INFO][org.springframework.boot.actuate.endpoint.jmx.EndpointMBeanExporter 678] - Located managed bean 'autoConfigurationReportEndpoint': registering with JMX server as MBean [org.springframework.boot:type=Endpoint,name=autoConfigurationReportEndpoint]
2018-01-08 14:51:53,391 [main][INFO][org.springframework.boot.actuate.endpoint.jmx.EndpointMBeanExporter 678] - Located managed bean 'configurationPropertiesReportEndpoint': registering with JMX server as MBean [org.springframework.boot:type=Endpoint,name=configurationPropertiesReportEndpoint]
2018-01-08 14:51:53,444 [main][INFO][org.springframework.boot.context.embedded.tomcat.TomcatEmbeddedServletContainer 201] - Tomcat started on port(s): 8888 (http)
2018-01-08 14:51:54,236 [http-nio-8888-exec-1][INFO][org.springframework.web.servlet.DispatcherServlet 489] - FrameworkServlet 'dispatcherServlet': initialization started
2018-01-08 14:51:54,262 [http-nio-8888-exec-1][INFO][org.springframework.web.servlet.DispatcherServlet 508] - FrameworkServlet 'dispatcherServlet': initialization completed in 25 ms
2018-01-08 14:56:23,996 [background-preinit][INFO][org.hibernate.validator.internal.util.Version 30] - HV000001: Hibernate Validator 5.3.6.Final
2018-01-08 14:56:24,058 [main][INFO][org.springframework.boot.context.embedded.AnnotationConfigEmbeddedWebApplicationContext 583] - Refreshing org.springframework.boot.context.embedded.AnnotationConfigEmbeddedWebApplicationContext@614ca7df: startup date [Mon Jan 08 14:56:24 CST 2018]; root of context hierarchy
2018-01-08 14:56:24,746 [main][INFO][org.springframework.data.repository.config.RepositoryConfigurationDelegate 165] - Multiple Spring Data modules found, entering strict repository configuration mode!
2018-01-08 14:56:24,762 [main][INFO][org.springframework.data.repository.config.RepositoryConfigurationDelegate 165] - Multiple Spring Data modules found, entering strict repository configuration mode!
2018-01-08 14:56:25,527 [main][INFO][org.springframework.boot.context.embedded.tomcat.TomcatEmbeddedServletContainer 89] - Tomcat initialized with port(s): 8888 (http)
2018-01-08 14:56:25,605 [localhost-startStop-1][INFO][org.springframework.web.context.ContextLoader 276] - Root WebApplicationContext: initialization completed in 1562 ms
2018-01-08 14:56:26,246 [localhost-startStop-1][INFO][org.springframework.boot.web.servlet.ServletRegistrationBean 190] - Mapping servlet: 'dispatcherServlet' to [/]
2018-01-08 14:56:26,246 [localhost-startStop-1][INFO][org.springframework.boot.web.servlet.FilterRegistrationBean 258] - Mapping filter: 'metricsFilter' to: [/*]
2018-01-08 14:56:26,246 [localhost-startStop-1][INFO][org.springframework.boot.web.servlet.FilterRegistrationBean 258] - Mapping filter: 'characterEncodingFilter' to: [/*]
2018-01-08 14:56:26,246 [localhost-startStop-1][INFO][org.springframework.boot.web.servlet.FilterRegistrationBean 258] - Mapping filter: 'hiddenHttpMethodFilter' to: [/*]
2018-01-08 14:56:26,246 [localhost-startStop-1][INFO][org.springframework.boot.web.servlet.FilterRegistrationBean 258] - Mapping filter: 'httpPutFormContentFilter' to: [/*]
2018-01-08 14:56:26,246 [localhost-startStop-1][INFO][org.springframework.boot.web.servlet.FilterRegistrationBean 258] - Mapping filter: 'requestContextFilter' to: [/*]
2018-01-08 14:56:26,246 [localhost-startStop-1][INFO][org.springframework.boot.web.servlet.FilterRegistrationBean 258] - Mapping filter: 'webRequestLoggingFilter' to: [/*]
2018-01-08 14:56:26,246 [localhost-startStop-1][INFO][org.springframework.boot.web.servlet.FilterRegistrationBean 258] - Mapping filter: 'applicationContextIdFilter' to: [/*]
2018-01-08 14:56:27,262 [main][INFO][org.springframework.web.servlet.mvc.method.annotation.RequestMappingHandlerAdapter 534] - Looking for @ControllerAdvice: org.springframework.boot.context.embedded.AnnotationConfigEmbeddedWebApplicationContext@614ca7df: startup date [Mon Jan 08 14:56:24 CST 2018]; root of context hierarchy
2018-01-08 14:56:27,309 [main][INFO][org.springframework.web.servlet.mvc.method.annotation.RequestMappingHandlerMapping 543] - Mapped "{[/Testtrace]}" onto public java.util.List<org.springframework.boot.actuate.trace.Trace> bao.jt.tong.controller.MyController.trace()
2018-01-08 14:56:27,309 [main][INFO][org.springframework.web.servlet.mvc.method.annotation.RequestMappingHandlerMapping 543] - Mapped "{[/con]}" onto public java.lang.String bao.jt.tong.controller.MyController.con()
2018-01-08 14:56:27,309 [main][INFO][org.springframework.web.servlet.mvc.method.annotation.RequestMappingHandlerMapping 543] - Mapped "{[/fun2]}" onto public void bao.jt.tong.controller.MyController.fun2()
2018-01-08 14:56:27,309 [main][INFO][org.springframework.web.servlet.mvc.method.annotation.RequestMappingHandlerMapping 543] - Mapped "{[/fun1]}" onto public void bao.jt.tong.controller.MyController.fun1()
2018-01-08 14:56:27,309 [main][INFO][org.springframework.web.servlet.mvc.method.annotation.RequestMappingHandlerMapping 543] - Mapped "{[/User/SaveBook],methods=[GET]}" onto public java.lang.Integer bao.jt.tong.controller.UserController.save()
2018-01-08 14:56:27,309 [main][INFO][org.springframework.web.servlet.mvc.method.annotation.RequestMappingHandlerMapping 543] - Mapped "{[/User/Login],methods=[GET]}" onto public java.lang.String bao.jt.tong.controller.UserController.query(java.lang.String,java.lang.String)
2018-01-08 14:56:27,309 [main][INFO][org.springframework.web.servlet.mvc.method.annotation.RequestMappingHandlerMapping 543] - Mapped "{[/User/query]}" onto public java.util.List bao.jt.tong.controller.UserController.query()
2018-01-08 14:56:27,309 [main][INFO][org.springframework.web.servlet.mvc.method.annotation.RequestMappingHandlerMapping 543] - Mapped "{[/User/auto/home]}" onto public java.lang.String bao.jt.tong.controller.UserController.home()
2018-01-08 14:56:27,309 [main][INFO][org.springframework.web.servlet.mvc.method.annotation.RequestMappingHandlerMapping 543] - Mapped "{[/error]}" onto public org.springframework.http.ResponseEntity<java.util.Map<java.lang.String, java.lang.Object>> org.springframework.boot.autoconfigure.web.BasicErrorController.error(javax.servlet.http.HttpServletRequest)
2018-01-08 14:56:27,325 [main][INFO][org.springframework.web.servlet.mvc.method.annotation.RequestMappingHandlerMapping 543] - Mapped "{[/error],produces=[text/html]}" onto public org.springframework.web.servlet.ModelAndView org.springframework.boot.autoconfigure.web.BasicErrorController.errorHtml(javax.servlet.http.HttpServletRequest,javax.servlet.http.HttpServletResponse)
2018-01-08 14:56:27,340 [main][INFO][org.springframework.web.servlet.handler.SimpleUrlHandlerMapping 362] - Mapped URL path [/webjars/**] onto handler of type [class org.springframework.web.servlet.resource.ResourceHttpRequestHandler]
2018-01-08 14:56:27,340 [main][INFO][org.springframework.web.servlet.handler.SimpleUrlHandlerMapping 362] - Mapped URL path [/**] onto handler of type [class org.springframework.web.servlet.resource.ResourceHttpRequestHandler]
2018-01-08 14:56:27,387 [main][INFO][org.springframework.web.servlet.handler.SimpleUrlHandlerMapping 362] - Mapped URL path [/**/favicon.ico] onto handler of type [class org.springframework.web.servlet.resource.ResourceHttpRequestHandler]
2018-01-08 14:56:27,419 [main][WARN][org.springframework.boot.autoconfigure.thymeleaf.AbstractTemplateResolverConfiguration 60] - Cannot find template location: classpath:/templates/ (please add some templates or check your Thymeleaf configuration)
2018-01-08 14:56:28,002 [main][INFO][org.springframework.boot.actuate.endpoint.mvc.EndpointHandlerMapping 543] - Mapped "{[/mappings || /mappings.json],methods=[GET],produces=[application/vnd.spring-boot.actuator.v1+json || application/json]}" onto public java.lang.Object org.springframework.boot.actuate.endpoint.mvc.EndpointMvcAdapter.invoke()
2018-01-08 14:56:28,002 [main][INFO][org.springframework.boot.actuate.endpoint.mvc.EndpointHandlerMapping 543] - Mapped "{[/health || /health.json],methods=[GET],produces=[application/vnd.spring-boot.actuator.v1+json || application/json]}" onto public java.lang.Object org.springframework.boot.actuate.endpoint.mvc.HealthMvcEndpoint.invoke(javax.servlet.http.HttpServletRequest,java.security.Principal)
2018-01-08 14:56:28,002 [main][INFO][org.springframework.boot.actuate.endpoint.mvc.EndpointHandlerMapping 543] - Mapped "{[/configprops || /configprops.json],methods=[GET],produces=[application/vnd.spring-boot.actuator.v1+json || application/json]}" onto public java.lang.Object org.springframework.boot.actuate.endpoint.mvc.EndpointMvcAdapter.invoke()
2018-01-08 14:56:28,002 [main][INFO][org.springframework.boot.actuate.endpoint.mvc.EndpointHandlerMapping 543] - Mapped "{[/env/{name:.*}],methods=[GET],produces=[application/vnd.spring-boot.actuator.v1+json || application/json]}" onto public java.lang.Object org.springframework.boot.actuate.endpoint.mvc.EnvironmentMvcEndpoint.value(java.lang.String)
2018-01-08 14:56:28,002 [main][INFO][org.springframework.boot.actuate.endpoint.mvc.EndpointHandlerMapping 543] - Mapped "{[/env || /env.json],methods=[GET],produces=[application/vnd.spring-boot.actuator.v1+json || application/json]}" onto public java.lang.Object org.springframework.boot.actuate.endpoint.mvc.EndpointMvcAdapter.invoke()
2018-01-08 14:56:28,018 [main][INFO][org.springframework.boot.actuate.endpoint.mvc.EndpointHandlerMapping 543] - Mapped "{[/dump || /dump.json],methods=[GET],produces=[application/vnd.spring-boot.actuator.v1+json || application/json]}" onto public java.lang.Object org.springframework.boot.actuate.endpoint.mvc.EndpointMvcAdapter.invoke()
2018-01-08 14:56:28,018 [main][INFO][org.springframework.boot.actuate.endpoint.mvc.EndpointHandlerMapping 543] - Mapped "{[/auditevents || /auditevents.json],methods=[GET],produces=[application/vnd.spring-boot.actuator.v1+json || application/json]}" onto public org.springframework.http.ResponseEntity<?> org.springframework.boot.actuate.endpoint.mvc.AuditEventsMvcEndpoint.findByPrincipalAndAfterAndType(java.lang.String,java.util.Date,java.lang.String)
2018-01-08 14:56:28,018 [main][INFO][org.springframework.boot.actuate.endpoint.mvc.EndpointHandlerMapping 543] - Mapped "{[/metrics/{name:.*}],methods=[GET],produces=[application/vnd.spring-boot.actuator.v1+json || application/json]}" onto public java.lang.Object org.springframework.boot.actuate.endpoint.mvc.MetricsMvcEndpoint.value(java.lang.String)
2018-01-08 14:56:28,018 [main][INFO][org.springframework.boot.actuate.endpoint.mvc.EndpointHandlerMapping 543] - Mapped "{[/metrics || /metrics.json],methods=[GET],produces=[application/vnd.spring-boot.actuator.v1+json || application/json]}" onto public java.lang.Object org.springframework.boot.actuate.endpoint.mvc.EndpointMvcAdapter.invoke()
2018-01-08 14:56:28,018 [main][INFO][org.springframework.boot.actuate.endpoint.mvc.EndpointHandlerMapping 543] - Mapped "{[/heapdump || /heapdump.json],methods=[GET],produces=[application/octet-stream]}" onto public void org.springframework.boot.actuate.endpoint.mvc.HeapdumpMvcEndpoint.invoke(boolean,javax.servlet.http.HttpServletRequest,javax.servlet.http.HttpServletResponse) throws java.io.IOException,javax.servlet.ServletException
2018-01-08 14:56:28,018 [main][INFO][org.springframework.boot.actuate.endpoint.mvc.EndpointHandlerMapping 543] - Mapped "{[/autoconfig || /autoconfig.json],methods=[GET],produces=[application/vnd.spring-boot.actuator.v1+json || application/json]}" onto public java.lang.Object org.springframework.boot.actuate.endpoint.mvc.EndpointMvcAdapter.invoke()
2018-01-08 14:56:28,018 [main][INFO][org.springframework.boot.actuate.endpoint.mvc.EndpointHandlerMapping 543] - Mapped "{[/bjt_beans || /bjt_beans.json],methods=[GET],produces=[application/vnd.spring-boot.actuator.v1+json || application/json]}" onto public java.lang.Object org.springframework.boot.actuate.endpoint.mvc.EndpointMvcAdapter.invoke()
2018-01-08 14:56:28,018 [main][INFO][org.springframework.boot.actuate.endpoint.mvc.EndpointHandlerMapping 543] - Mapped "{[/info || /info.json],methods=[GET],produces=[application/vnd.spring-boot.actuator.v1+json || application/json]}" onto public java.lang.Object org.springframework.boot.actuate.endpoint.mvc.EndpointMvcAdapter.invoke()
2018-01-08 14:56:28,018 [main][INFO][org.springframework.boot.actuate.endpoint.mvc.EndpointHandlerMapping 543] - Mapped "{[/trace || /trace.json],methods=[GET],produces=[application/vnd.spring-boot.actuator.v1+json || application/json]}" onto public java.lang.Object org.springframework.boot.actuate.endpoint.mvc.EndpointMvcAdapter.invoke()
2018-01-08 14:56:28,018 [main][INFO][org.springframework.boot.actuate.endpoint.mvc.EndpointHandlerMapping 543] - Mapped "{[/loggers/{name:.*}],methods=[GET],produces=[application/vnd.spring-boot.actuator.v1+json || application/json]}" onto public java.lang.Object org.springframework.boot.actuate.endpoint.mvc.LoggersMvcEndpoint.get(java.lang.String)
2018-01-08 14:56:28,018 [main][INFO][org.springframework.boot.actuate.endpoint.mvc.EndpointHandlerMapping 543] - Mapped "{[/loggers/{name:.*}],methods=[POST],consumes=[application/vnd.spring-boot.actuator.v1+json || application/json],produces=[application/vnd.spring-boot.actuator.v1+json || application/json]}" onto public java.lang.Object org.springframework.boot.actuate.endpoint.mvc.LoggersMvcEndpoint.set(java.lang.String,java.util.Map<java.lang.String, java.lang.String>)
2018-01-08 14:56:28,034 [main][INFO][org.springframework.boot.actuate.endpoint.mvc.EndpointHandlerMapping 543] - Mapped "{[/loggers || /loggers.json],methods=[GET],produces=[application/vnd.spring-boot.actuator.v1+json || application/json]}" onto public java.lang.Object org.springframework.boot.actuate.endpoint.mvc.EndpointMvcAdapter.invoke()
2018-01-08 14:56:28,330 [main][INFO][org.springframework.jmx.export.annotation.AnnotationMBeanExporter 431] - Registering beans for JMX exposure on startup
2018-01-08 14:56:28,346 [main][INFO][org.springframework.boot.actuate.endpoint.jmx.EndpointMBeanExporter 431] - Registering beans for JMX exposure on startup
2018-01-08 14:56:28,346 [main][INFO][org.springframework.context.support.DefaultLifecycleProcessor 343] - Starting beans in phase 0
2018-01-08 14:56:28,346 [main][INFO][org.springframework.boot.actuate.endpoint.jmx.EndpointMBeanExporter 678] - Located managed bean 'auditEventsEndpoint': registering with JMX server as MBean [org.springframework.boot:type=Endpoint,name=auditEventsEndpoint]
2018-01-08 14:56:28,362 [main][INFO][org.springframework.boot.actuate.endpoint.jmx.EndpointMBeanExporter 678] - Located managed bean 'requestMappingEndpoint': registering with JMX server as MBean [org.springframework.boot:type=Endpoint,name=requestMappingEndpoint]
2018-01-08 14:56:28,362 [main][INFO][org.springframework.boot.actuate.endpoint.jmx.EndpointMBeanExporter 678] - Located managed bean 'environmentEndpoint': registering with JMX server as MBean [org.springframework.boot:type=Endpoint,name=environmentEndpoint]
2018-01-08 14:56:28,362 [main][INFO][org.springframework.boot.actuate.endpoint.jmx.EndpointMBeanExporter 678] - Located managed bean 'healthEndpoint': registering with JMX server as MBean [org.springframework.boot:type=Endpoint,name=healthEndpoint]
2018-01-08 14:56:28,377 [main][INFO][org.springframework.boot.actuate.endpoint.jmx.EndpointMBeanExporter 678] - Located managed bean 'beansEndpoint': registering with JMX server as MBean [org.springframework.boot:type=Endpoint,name=beansEndpoint]
2018-01-08 14:56:28,377 [main][INFO][org.springframework.boot.actuate.endpoint.jmx.EndpointMBeanExporter 678] - Located managed bean 'infoEndpoint': registering with JMX server as MBean [org.springframework.boot:type=Endpoint,name=infoEndpoint]
2018-01-08 14:56:28,377 [main][INFO][org.springframework.boot.actuate.endpoint.jmx.EndpointMBeanExporter 678] - Located managed bean 'loggersEndpoint': registering with JMX server as MBean [org.springframework.boot:type=Endpoint,name=loggersEndpoint]
2018-01-08 14:56:28,377 [main][INFO][org.springframework.boot.actuate.endpoint.jmx.EndpointMBeanExporter 678] - Located managed bean 'metricsEndpoint': registering with JMX server as MBean [org.springframework.boot:type=Endpoint,name=metricsEndpoint]
2018-01-08 14:56:28,377 [main][INFO][org.springframework.boot.actuate.endpoint.jmx.EndpointMBeanExporter 678] - Located managed bean 'traceEndpoint': registering with JMX server as MBean [org.springframework.boot:type=Endpoint,name=traceEndpoint]
2018-01-08 14:56:28,393 [main][INFO][org.springframework.boot.actuate.endpoint.jmx.EndpointMBeanExporter 678] - Located managed bean 'dumpEndpoint': registering with JMX server as MBean [org.springframework.boot:type=Endpoint,name=dumpEndpoint]
2018-01-08 14:56:28,393 [main][INFO][org.springframework.boot.actuate.endpoint.jmx.EndpointMBeanExporter 678] - Located managed bean 'autoConfigurationReportEndpoint': registering with JMX server as MBean [org.springframework.boot:type=Endpoint,name=autoConfigurationReportEndpoint]
2018-01-08 14:56:28,393 [main][INFO][org.springframework.boot.actuate.endpoint.jmx.EndpointMBeanExporter 678] - Located managed bean 'configurationPropertiesReportEndpoint': registering with JMX server as MBean [org.springframework.boot:type=Endpoint,name=configurationPropertiesReportEndpoint]
2018-01-08 14:56:28,440 [main][INFO][org.springframework.boot.context.embedded.tomcat.TomcatEmbeddedServletContainer 201] - Tomcat started on port(s): 8888 (http)
2018-01-08 14:57:52,796 [http-nio-8888-exec-1][INFO][org.springframework.web.servlet.DispatcherServlet 489] - FrameworkServlet 'dispatcherServlet': initialization started
2018-01-08 14:57:52,828 [http-nio-8888-exec-1][INFO][org.springframework.web.servlet.DispatcherServlet 508] - FrameworkServlet 'dispatcherServlet': initialization completed in 31 ms
